<?xml version="1.0" encoding="UTF-8" ?>
<testsuite tests="3" failures="0" name="stepDefinition.TestRunner" time="31.818" errors="0" skipped="0">
  <properties>
[...]
</properties>
  <testcase classname="This feature  would be creating a calculator for Add  and Substract" name="to add two numbers" time="5.623"/>
  <testcase classname="Login Feature Scenario" name="This sceanrio is to define the failure path" time="14.406"/>
  <testcase classname="Login Feature Scenario" name="This sceanrio is to define the failure path" time="11.789"/>
</testsuite>